Warning[205] C:\USERS\EDU\DESKTOP\PCP_USART_GIT\PCP_USART\RECEPTOR.ASM 10 : Found directive in column 1. (ORG)
Warning[203] C:\USERS\EDU\DESKTOP\PCP_USART_GIT\PCP_USART\RECEPTOR.ASM 11 : Found opcode in column 1. (goto)
Warning[205] C:\USERS\EDU\DESKTOP\PCP_USART_GIT\PCP_USART\RECEPTOR.ASM 12 : Found directive in column 1. (ORG)
Warning[203] C:\USERS\EDU\DESKTOP\PCP_USART_GIT\PCP_USART\RECEPTOR.ASM 13 : Found opcode in column 1. (goto)
Warning[205] C:\USERS\EDU\DESKTOP\PCP_USART_GIT\PCP_USART\RECEPTOR.ASM 15 : Found directive in column 1. (ORG)
Warning[203] C:\USERS\EDU\DESKTOP\PCP_USART_GIT\PCP_USART\RECEPTOR.ASM 23 : Found opcode in column 1. (goto)
Warning[207] C:\USERS\EDU\DESKTOP\PCP_USART_GIT\PCP_USART\RECEPTOR.ASM 30 : Found label after column 1. (BCD_HIGH)
Warning[207] C:\USERS\EDU\DESKTOP\PCP_USART_GIT\PCP_USART\RECEPTOR.ASM 37 : Found label after column 1. (SUMA_100)
Warning[207] C:\USERS\EDU\DESKTOP\PCP_USART_GIT\PCP_USART\RECEPTOR.ASM 42 : Found label after column 1. (BCD_LOW)
Message[305] C:\USERS\EDU\DESKTOP\PCP_USART_GIT\PCP_USART\RECEPTOR.ASM 47 : Using default destination of 1 (file).
Warning[207] C:\USERS\EDU\DESKTOP\PCP_USART_GIT\PCP_USART\RECEPTOR.ASM 49 : Found label after column 1. (SUMA_10)
Warning[203] C:\USERS\EDU\DESKTOP\PCP_USART_GIT\PCP_USART\RECEPTOR.ASM 55 : Found opcode in column 1. (return)
Message[305] C:\USERS\EDU\DESKTOP\PCP_USART_GIT\PCP_USART\RECEPTOR.ASM 74 : Using default destination of 1 (file).
Warning[207] C:\USERS\EDU\DESKTOP\PCP_USART_GIT\PCP_USART\RECEPTOR.ASM 80 : Found label after column 1. (DISPLAY1)
Warning[207] C:\USERS\EDU\DESKTOP\PCP_USART_GIT\PCP_USART\RECEPTOR.ASM 88 : Found label after column 1. (DISPLAY2)
Warning[207] C:\USERS\EDU\DESKTOP\PCP_USART_GIT\PCP_USART\RECEPTOR.ASM 96 : Found label after column 1. (DISPLAY3)
Message[305] C:\USERS\EDU\DESKTOP\PCP_USART_GIT\PCP_USART\RECEPTOR.ASM 143 : Using default destination of 1 (file).
Message[302] C:\USERS\EDU\DESKTOP\PCP_USART_GIT\PCP_USART\RECEPTOR.ASM 147 : Register in operand not in bank 0.  Ensure that bank bits are correct.
Message[302] C:\USERS\EDU\DESKTOP\PCP_USART_GIT\PCP_USART\RECEPTOR.ASM 148 : Register in operand not in bank 0.  Ensure that bank bits are correct.
Message[302] C:\USERS\EDU\DESKTOP\PCP_USART_GIT\PCP_USART\RECEPTOR.ASM 158 : Register in operand not in bank 0.  Ensure that bank bits are correct.
Message[302] C:\USERS\EDU\DESKTOP\PCP_USART_GIT\PCP_USART\RECEPTOR.ASM 159 : Register in operand not in bank 0.  Ensure that bank bits are correct.
Message[302] C:\USERS\EDU\DESKTOP\PCP_USART_GIT\PCP_USART\RECEPTOR.ASM 161 : Register in operand not in bank 0.  Ensure that bank bits are correct.
Message[302] C:\USERS\EDU\DESKTOP\PCP_USART_GIT\PCP_USART\RECEPTOR.ASM 162 : Register in operand not in bank 0.  Ensure that bank bits are correct.
Message[302] C:\USERS\EDU\DESKTOP\PCP_USART_GIT\PCP_USART\RECEPTOR.ASM 163 : Register in operand not in bank 0.  Ensure that bank bits are correct.
Message[302] C:\USERS\EDU\DESKTOP\PCP_USART_GIT\PCP_USART\RECEPTOR.ASM 164 : Register in operand not in bank 0.  Ensure that bank bits are correct.
Message[302] C:\USERS\EDU\DESKTOP\PCP_USART_GIT\PCP_USART\RECEPTOR.ASM 169 : Register in operand not in bank 0.  Ensure that bank bits are correct.
Message[302] C:\USERS\EDU\DESKTOP\PCP_USART_GIT\PCP_USART\RECEPTOR.ASM 188 : Register in operand not in bank 0.  Ensure that bank bits are correct.
Warning[203] C:\USERS\EDU\DESKTOP\PCP_USART_GIT\PCP_USART\RECEPTOR.ASM 201 : Found opcode in column 1. (BSF)
Warning[203] C:\USERS\EDU\DESKTOP\PCP_USART_GIT\PCP_USART\RECEPTOR.ASM 202 : Found opcode in column 1. (BCF)
Message[302] C:\USERS\EDU\DESKTOP\PCP_USART_GIT\PCP_USART\RECEPTOR.ASM 202 : Register in operand not in bank 0.  Ensure that bank bits are correct.
Warning[203] C:\USERS\EDU\DESKTOP\PCP_USART_GIT\PCP_USART\RECEPTOR.ASM 203 : Found opcode in column 1. (BCF)
Message[302] C:\USERS\EDU\DESKTOP\PCP_USART_GIT\PCP_USART\RECEPTOR.ASM 203 : Register in operand not in bank 0.  Ensure that bank bits are correct.
Warning[203] C:\USERS\EDU\DESKTOP\PCP_USART_GIT\PCP_USART\RECEPTOR.ASM 206 : Found opcode in column 1. (BCF)
Message[302] C:\USERS\EDU\DESKTOP\PCP_USART_GIT\PCP_USART\RECEPTOR.ASM 206 : Register in operand not in bank 0.  Ensure that bank bits are correct.
Warning[203] C:\USERS\EDU\DESKTOP\PCP_USART_GIT\PCP_USART\RECEPTOR.ASM 207 : Found opcode in column 1. (BCF)
Message[302] C:\USERS\EDU\DESKTOP\PCP_USART_GIT\PCP_USART\RECEPTOR.ASM 207 : Register in operand not in bank 0.  Ensure that bank bits are correct.
Warning[203] C:\USERS\EDU\DESKTOP\PCP_USART_GIT\PCP_USART\RECEPTOR.ASM 208 : Found opcode in column 1. (BSF)
Message[302] C:\USERS\EDU\DESKTOP\PCP_USART_GIT\PCP_USART\RECEPTOR.ASM 208 : Register in operand not in bank 0.  Ensure that bank bits are correct.
Warning[203] C:\USERS\EDU\DESKTOP\PCP_USART_GIT\PCP_USART\RECEPTOR.ASM 213 : Found opcode in column 1. (BCF)
Warning[203] C:\USERS\EDU\DESKTOP\PCP_USART_GIT\PCP_USART\RECEPTOR.ASM 214 : Found opcode in column 1. (BCF)
Warning[203] C:\USERS\EDU\DESKTOP\PCP_USART_GIT\PCP_USART\RECEPTOR.ASM 215 : Found opcode in column 1. (MOVLW)
Warning[203] C:\USERS\EDU\DESKTOP\PCP_USART_GIT\PCP_USART\RECEPTOR.ASM 216 : Found opcode in column 1. (MOVWF)
Warning[203] C:\USERS\EDU\DESKTOP\PCP_USART_GIT\PCP_USART\RECEPTOR.ASM 226 : Found opcode in column 1. (return)
Warning[205] C:\USERS\EDU\DESKTOP\PCP_USART_GIT\PCP_USART\RECEPTOR.ASM 227 : Found directive in column 1. (end)
