Warning[205] C:\USERS\EDU\DESKTOP\PCP_USART_GIT\PCP_USART\TRANSMISOR.ASM 11 : Found directive in column 1. (ORG)
Warning[203] C:\USERS\EDU\DESKTOP\PCP_USART_GIT\PCP_USART\TRANSMISOR.ASM 12 : Found opcode in column 1. (goto)
Warning[205] C:\USERS\EDU\DESKTOP\PCP_USART_GIT\PCP_USART\TRANSMISOR.ASM 13 : Found directive in column 1. (ORG)
Warning[203] C:\USERS\EDU\DESKTOP\PCP_USART_GIT\PCP_USART\TRANSMISOR.ASM 14 : Found opcode in column 1. (goto)
Warning[205] C:\USERS\EDU\DESKTOP\PCP_USART_GIT\PCP_USART\TRANSMISOR.ASM 16 : Found directive in column 1. (ORG)
Warning[207] C:\USERS\EDU\DESKTOP\PCP_USART_GIT\PCP_USART\TRANSMISOR.ASM 33 : Found label after column 1. (loop)
Warning[207] C:\USERS\EDU\DESKTOP\PCP_USART_GIT\PCP_USART\TRANSMISOR.ASM 43 : Found label after column 1. (WaitingConvertion)
Warning[203] C:\USERS\EDU\DESKTOP\PCP_USART_GIT\PCP_USART\TRANSMISOR.ASM 58 : Found opcode in column 1. (goto)
Warning[207] C:\USERS\EDU\DESKTOP\PCP_USART_GIT\PCP_USART\TRANSMISOR.ASM 65 : Found label after column 1. (BCD_HIGH)
Warning[207] C:\USERS\EDU\DESKTOP\PCP_USART_GIT\PCP_USART\TRANSMISOR.ASM 72 : Found label after column 1. (SUMA_100)
Warning[207] C:\USERS\EDU\DESKTOP\PCP_USART_GIT\PCP_USART\TRANSMISOR.ASM 77 : Found label after column 1. (BCD_LOW)
Message[305] C:\USERS\EDU\DESKTOP\PCP_USART_GIT\PCP_USART\TRANSMISOR.ASM 82 : Using default destination of 1 (file).
Warning[207] C:\USERS\EDU\DESKTOP\PCP_USART_GIT\PCP_USART\TRANSMISOR.ASM 84 : Found label after column 1. (SUMA_10)
Warning[203] C:\USERS\EDU\DESKTOP\PCP_USART_GIT\PCP_USART\TRANSMISOR.ASM 90 : Found opcode in column 1. (return)
Warning[207] C:\USERS\EDU\DESKTOP\PCP_USART_GIT\PCP_USART\TRANSMISOR.ASM 100 : Found label after column 1. (continuar)
Warning[203] C:\USERS\EDU\DESKTOP\PCP_USART_GIT\PCP_USART\TRANSMISOR.ASM 107 : Found opcode in column 1. (return)
Warning[207] C:\USERS\EDU\DESKTOP\PCP_USART_GIT\PCP_USART\TRANSMISOR.ASM 111 : Found label after column 1. (esp_envio)
Warning[203] C:\USERS\EDU\DESKTOP\PCP_USART_GIT\PCP_USART\TRANSMISOR.ASM 116 : Found opcode in column 1. (return)
Warning[207] C:\USERS\EDU\DESKTOP\PCP_USART_GIT\PCP_USART\TRANSMISOR.ASM 123 : Found label after column 1. (cont_delay)
Message[305] C:\USERS\EDU\DESKTOP\PCP_USART_GIT\PCP_USART\TRANSMISOR.ASM 124 : Using default destination of 1 (file).
Message[305] C:\USERS\EDU\DESKTOP\PCP_USART_GIT\PCP_USART\TRANSMISOR.ASM 126 : Using default destination of 1 (file).
Warning[203] C:\USERS\EDU\DESKTOP\PCP_USART_GIT\PCP_USART\TRANSMISOR.ASM 128 : Found opcode in column 1. (return)
Message[302] C:\USERS\EDU\DESKTOP\PCP_USART_GIT\PCP_USART\TRANSMISOR.ASM 164 : Register in operand not in bank 0.  Ensure that bank bits are correct.
Message[302] C:\USERS\EDU\DESKTOP\PCP_USART_GIT\PCP_USART\TRANSMISOR.ASM 165 : Register in operand not in bank 0.  Ensure that bank bits are correct.
Message[302] C:\USERS\EDU\DESKTOP\PCP_USART_GIT\PCP_USART\TRANSMISOR.ASM 170 : Register in operand not in bank 0.  Ensure that bank bits are correct.
Message[302] C:\USERS\EDU\DESKTOP\PCP_USART_GIT\PCP_USART\TRANSMISOR.ASM 172 : Register in operand not in bank 0.  Ensure that bank bits are correct.
Message[302] C:\USERS\EDU\DESKTOP\PCP_USART_GIT\PCP_USART\TRANSMISOR.ASM 173 : Register in operand not in bank 0.  Ensure that bank bits are correct.
Message[302] C:\USERS\EDU\DESKTOP\PCP_USART_GIT\PCP_USART\TRANSMISOR.ASM 174 : Register in operand not in bank 0.  Ensure that bank bits are correct.
Message[302] C:\USERS\EDU\DESKTOP\PCP_USART_GIT\PCP_USART\TRANSMISOR.ASM 175 : Register in operand not in bank 0.  Ensure that bank bits are correct.
Message[302] C:\USERS\EDU\DESKTOP\PCP_USART_GIT\PCP_USART\TRANSMISOR.ASM 176 : Register in operand not in bank 0.  Ensure that bank bits are correct.
Message[302] C:\USERS\EDU\DESKTOP\PCP_USART_GIT\PCP_USART\TRANSMISOR.ASM 195 : Register in operand not in bank 0.  Ensure that bank bits are correct.
Message[305] C:\USERS\EDU\DESKTOP\PCP_USART_GIT\PCP_USART\TRANSMISOR.ASM 196 : Using default destination of 1 (file).
Message[302] C:\USERS\EDU\DESKTOP\PCP_USART_GIT\PCP_USART\TRANSMISOR.ASM 196 : Register in operand not in bank 0.  Ensure that bank bits are correct.
Message[302] C:\USERS\EDU\DESKTOP\PCP_USART_GIT\PCP_USART\TRANSMISOR.ASM 203 : Register in operand not in bank 0.  Ensure that bank bits are correct.
Message[302] C:\USERS\EDU\DESKTOP\PCP_USART_GIT\PCP_USART\TRANSMISOR.ASM 226 : Register in operand not in bank 0.  Ensure that bank bits are correct.
Warning[203] C:\USERS\EDU\DESKTOP\PCP_USART_GIT\PCP_USART\TRANSMISOR.ASM 237 : Found opcode in column 1. (return)
Warning[205] C:\USERS\EDU\DESKTOP\PCP_USART_GIT\PCP_USART\TRANSMISOR.ASM 238 : Found directive in column 1. (end)
